<?xml version="1.0" encoding="UTF-8"?>
<testsuite xmlns:xsi="http://www.w3.org/2001/XMLSchema-instance" xsi:noNamespaceSchemaLocation="https://maven.apache.org/surefire/maven-surefire-plugin/xsd/surefire-test-report.xsd" name="com.assignment.entity.StateTest" time="0.02" tests="3" errors="0" skipped="0" failures="0">
  <properties>
[...]
</properties>
  <testcase name="testId" classname="com.assignment.entity.StateTest" time="0.003"/>
  <testcase name="classCall" classname="com.assignment.entity.StateTest" time="0.003"/>
  <testcase name="addDistricts" classname="com.assignment.entity.StateTest" time="0.003"/>
</testsuite>